11:53:39.779 [com.alibaba.nacos.client.Worker.longPolling.fixed-39.96.56.169_8848] ERROR com.alibaba.cloud.nacos.client.NacosPropertySourceBuilder - parse data from Nacos error,dataId:order,data:current:
    env: public-defalut-group
ur:
    name: zl
ur:
    age: 29,
java.lang.IllegalStateException: duplicate key: ur
	at org.yaml.snakeyaml.constructor.SafeConstructor.processDuplicateKeys(SafeConstructor.java:99) ~[snakeyaml-1.19.jar:?]
	at org.yaml.snakeyaml.constructor.SafeConstructor.flattenMapping(SafeConstructor.java:70) ~[snakeyaml-1.19.jar:?]
	at org.yaml.snakeyaml.constructor.SafeConstructor.constructMapping2ndStep(SafeConstructor.java:182) ~[snakeyaml-1.19.jar:?]
	at org.yaml.snakeyaml.constructor.BaseConstructor.constructMapping(BaseConstructor.java:443) ~[snakeyaml-1.19.jar:?]
	at org.yaml.snakeyaml.constructor.SafeConstructor$ConstructYamlMap.construct(SafeConstructor.java:519) ~[snakeyaml-1.19.jar:?]
	at org.yaml.snakeyaml.constructor.BaseConstructor.constructObjectNoCheck(BaseConstructor.java:207) ~[snakeyaml-1.19.jar:?]
	at org.yaml.snakeyaml.constructor.BaseConstructor.constructObject(BaseConstructor.java:196) ~[snakeyaml-1.19.jar:?]
	at org.yaml.snakeyaml.constructor.BaseConstructor.constructDocument(BaseConstructor.java:161) ~[snakeyaml-1.19.jar:?]
	at org.yaml.snakeyaml.constructor.BaseConstructor.getData(BaseConstructor.java:127) ~[snakeyaml-1.19.jar:?]
	at org.yaml.snakeyaml.Yaml$1.next(Yaml.java:547) ~[snakeyaml-1.19.jar:?]
	at org.springframework.beans.factory.config.YamlProcessor.process(YamlProcessor.java:166) ~[spring-beans-5.0.8.RELEASE.jar:5.0.8.RELEASE]
	at org.springframework.beans.factory.config.YamlProcessor.process(YamlProcessor.java:139) ~[spring-beans-5.0.8.RELEASE.jar:5.0.8.RELEASE]
	at org.springframework.beans.factory.config.YamlPropertiesFactoryBean.createProperties(YamlPropertiesFactoryBean.java:135) ~[spring-beans-5.0.8.RELEASE.jar:5.0.8.RELEASE]
	at org.springframework.beans.factory.config.YamlPropertiesFactoryBean.getObject(YamlPropertiesFactoryBean.java:115) ~[spring-beans-5.0.8.RELEASE.jar:5.0.8.RELEASE]
	at com.alibaba.cloud.nacos.parser.NacosDataYamlParser.doParse(NacosDataYamlParser.java:37) ~[spring-cloud-alibaba-nacos-config-2.0.1.RELEASE.jar:2.0.1.RELEASE]
	at com.alibaba.cloud.nacos.parser.AbstractNacosDataParser.parseNacosData(AbstractNacosDataParser.java:75) ~[spring-cloud-alibaba-nacos-config-2.0.1.RELEASE.jar:2.0.1.RELEASE]
	at com.alibaba.cloud.nacos.parser.AbstractNacosDataParser.parseNacosData(AbstractNacosDataParser.java:80) ~[spring-cloud-alibaba-nacos-config-2.0.1.RELEASE.jar:2.0.1.RELEASE]
	at com.alibaba.cloud.nacos.parser.NacosDataParserHandler.parseNacosData(NacosDataParserHandler.java:44) ~[spring-cloud-alibaba-nacos-config-2.0.1.RELEASE.jar:2.0.1.RELEASE]
	at com.alibaba.cloud.nacos.client.NacosPropertySourceBuilder.loadNacosData(NacosPropertySourceBuilder.java:96) [spring-cloud-alibaba-nacos-config-2.0.1.RELEASE.jar:2.0.1.RELEASE]
	at com.alibaba.cloud.nacos.client.NacosPropertySourceBuilder.build(NacosPropertySourceBuilder.java:74) [spring-cloud-alibaba-nacos-config-2.0.1.RELEASE.jar:2.0.1.RELEASE]
	at com.alibaba.cloud.nacos.client.NacosPropertySourceLocator.loadNacosPropertySource(NacosPropertySourceLocator.java:194) [spring-cloud-alibaba-nacos-config-2.0.1.RELEASE.jar:2.0.1.RELEASE]
	at com.alibaba.cloud.nacos.client.NacosPropertySourceLocator.loadNacosDataIfPresent(NacosPropertySourceLocator.java:182) [spring-cloud-alibaba-nacos-config-2.0.1.RELEASE.jar:2.0.1.RELEASE]
	at com.alibaba.cloud.nacos.client.NacosPropertySourceLocator.loadApplicationConfiguration(NacosPropertySourceLocator.java:160) [spring-cloud-alibaba-nacos-config-2.0.1.RELEASE.jar:2.0.1.RELEASE]
	at com.alibaba.cloud.nacos.client.NacosPropertySourceLocator.locate(NacosPropertySourceLocator.java:92) [spring-cloud-alibaba-nacos-config-2.0.1.RELEASE.jar:2.0.1.RELEASE]
	at org.springframework.cloud.bootstrap.config.PropertySourceBootstrapConfiguration.initialize(PropertySourceBootstrapConfiguration.java:94) [spring-cloud-context-2.0.1.RELEASE.jar:2.0.1.RELEASE]
	at org.springframework.boot.SpringApplication.applyInitializers(SpringApplication.java:636) [spring-boot-2.0.4.RELEASE.jar:2.0.4.RELEASE]
	at org.springframework.boot.SpringApplication.prepareContext(SpringApplication.java:376) [spring-boot-2.0.4.RELEASE.jar:2.0.4.RELEASE]
	at org.springframework.boot.SpringApplication.run(SpringApplication.java:328) [spring-boot-2.0.4.RELEASE.jar:2.0.4.RELEASE]
	at org.springframework.boot.builder.SpringApplicationBuilder.run(SpringApplicationBuilder.java:137) [spring-boot-2.0.4.RELEASE.jar:2.0.4.RELEASE]
	at org.springframework.cloud.context.refresh.ContextRefresher.addConfigFilesToEnvironment(ContextRefresher.java:83) [spring-cloud-context-2.0.1.RELEASE.jar:2.0.1.RELEASE]
	at org.springframework.cloud.context.refresh.ContextRefresher.refresh(ContextRefresher.java:62) [spring-cloud-context-2.0.1.RELEASE.jar:2.0.1.RELEASE]
	at org.springframework.cloud.endpoint.event.RefreshEventListener.handle(RefreshEventListener.java:36) [spring-cloud-context-2.0.1.RELEASE.jar:2.0.1.RELEASE]
	at sun.reflect.NativeMethodAccessorImpl.invoke0(Native Method) ~[?:1.8.0_31]
	at sun.reflect.NativeMethodAccessorImpl.invoke(NativeMethodAccessorImpl.java:62) ~[?:1.8.0_31]
	at sun.reflect.DelegatingMethodAccessorImpl.invoke(DelegatingMethodAccessorImpl.java:43) ~[?:1.8.0_31]
	at java.lang.reflect.Method.invoke(Method.java:483) ~[?:1.8.0_31]
	at org.springframework.context.event.ApplicationListenerMethodAdapter.doInvoke(ApplicationListenerMethodAdapter.java:261) [spring-context-5.0.8.RELEASE.jar:5.0.8.RELEASE]
	at org.springframework.context.event.ApplicationListenerMethodAdapter.processEvent(ApplicationListenerMethodAdapter.java:180) [spring-context-5.0.8.RELEASE.jar:5.0.8.RELEASE]
	at org.springframework.context.event.ApplicationListenerMethodAdapter.onApplicationEvent(ApplicationListenerMethodAdapter.java:142) [spring-context-5.0.8.RELEASE.jar:5.0.8.RELEASE]
	at org.springframework.context.event.SimpleApplicationEventMulticaster.doInvokeListener(SimpleApplicationEventMulticaster.java:172) [spring-context-5.0.8.RELEASE.jar:5.0.8.RELEASE]
	at org.springframework.context.event.SimpleApplicationEventMulticaster.invokeListener(SimpleApplicationEventMulticaster.java:165) [spring-context-5.0.8.RELEASE.jar:5.0.8.RELEASE]
	at org.springframework.context.event.SimpleApplicationEventMulticaster.multicastEvent(SimpleApplicationEventMulticaster.java:139) [spring-context-5.0.8.RELEASE.jar:5.0.8.RELEASE]
	at org.springframework.context.support.AbstractApplicationContext.publishEvent(AbstractApplicationContext.java:400) [spring-context-5.0.8.RELEASE.jar:5.0.8.RELEASE]
	at org.springframework.context.support.AbstractApplicationContext.publishEvent(AbstractApplicationContext.java:354) [spring-context-5.0.8.RELEASE.jar:5.0.8.RELEASE]
	at com.alibaba.cloud.nacos.refresh.NacosContextRefresher$1.receiveConfigInfo(NacosContextRefresher.java:126) [spring-cloud-alibaba-nacos-config-2.0.1.RELEASE.jar:2.0.1.RELEASE]
	at com.alibaba.nacos.client.config.impl.CacheData$1.run(CacheData.java:190) [nacos-client-1.1.4.jar:?]
	at com.alibaba.nacos.client.config.impl.CacheData.safeNotifyListener(CacheData.java:211) [nacos-client-1.1.4.jar:?]
	at com.alibaba.nacos.client.config.impl.CacheData.checkListenerMd5(CacheData.java:161) [nacos-client-1.1.4.jar:?]
	at com.alibaba.nacos.client.config.impl.ClientWorker$LongPollingRunnable.run(ClientWorker.java:539) [nacos-client-1.1.4.jar:?]
	at java.util.concurrent.Executors$RunnableAdapter.call(Executors.java:511) [?:1.8.0_31]
	at java.util.concurrent.FutureTask.run(FutureTask.java:266) [?:1.8.0_31]
	at java.util.concurrent.ScheduledThreadPoolExecutor$ScheduledFutureTask.access$201(ScheduledThreadPoolExecutor.java:180) [?:1.8.0_31]
	at java.util.concurrent.ScheduledThreadPoolExecutor$ScheduledFutureTask.run(ScheduledThreadPoolExecutor.java:293) [?:1.8.0_31]
	at java.util.concurrent.ThreadPoolExecutor.runWorker(ThreadPoolExecutor.java:1142) [?:1.8.0_31]
	at java.util.concurrent.ThreadPoolExecutor$Worker.run(ThreadPoolExecutor.java:617) [?:1.8.0_31]
	at java.lang.Thread.run(Thread.java:745) [?:1.8.0_31]
11:53:56.728 [main] ERROR com.alibaba.cloud.nacos.client.NacosPropertySourceBuilder - parse data from Nacos error,dataId:order,data:current:
    env: public-defalut-group
ur:
    name: zl
ur:
    age: 29,
java.lang.IllegalStateException: duplicate key: ur
	at org.yaml.snakeyaml.constructor.SafeConstructor.processDuplicateKeys(SafeConstructor.java:99) ~[snakeyaml-1.19.jar:?]
	at org.yaml.snakeyaml.constructor.SafeConstructor.flattenMapping(SafeConstructor.java:70) ~[snakeyaml-1.19.jar:?]
	at org.yaml.snakeyaml.constructor.SafeConstructor.constructMapping2ndStep(SafeConstructor.java:182) ~[snakeyaml-1.19.jar:?]
	at org.yaml.snakeyaml.constructor.BaseConstructor.constructMapping(BaseConstructor.java:443) ~[snakeyaml-1.19.jar:?]
	at org.yaml.snakeyaml.constructor.SafeConstructor$ConstructYamlMap.construct(SafeConstructor.java:519) ~[snakeyaml-1.19.jar:?]
	at org.yaml.snakeyaml.constructor.BaseConstructor.constructObjectNoCheck(BaseConstructor.java:207) ~[snakeyaml-1.19.jar:?]
	at org.yaml.snakeyaml.constructor.BaseConstructor.constructObject(BaseConstructor.java:196) ~[snakeyaml-1.19.jar:?]
	at org.yaml.snakeyaml.constructor.BaseConstructor.constructDocument(BaseConstructor.java:161) ~[snakeyaml-1.19.jar:?]
	at org.yaml.snakeyaml.constructor.BaseConstructor.getData(BaseConstructor.java:127) ~[snakeyaml-1.19.jar:?]
	at org.yaml.snakeyaml.Yaml$1.next(Yaml.java:547) ~[snakeyaml-1.19.jar:?]
	at org.springframework.beans.factory.config.YamlProcessor.process(YamlProcessor.java:166) ~[spring-beans-5.0.8.RELEASE.jar:5.0.8.RELEASE]
	at org.springframework.beans.factory.config.YamlProcessor.process(YamlProcessor.java:139) ~[spring-beans-5.0.8.RELEASE.jar:5.0.8.RELEASE]
	at org.springframework.beans.factory.config.YamlPropertiesFactoryBean.createProperties(YamlPropertiesFactoryBean.java:135) ~[spring-beans-5.0.8.RELEASE.jar:5.0.8.RELEASE]
	at org.springframework.beans.factory.config.YamlPropertiesFactoryBean.getObject(YamlPropertiesFactoryBean.java:115) ~[spring-beans-5.0.8.RELEASE.jar:5.0.8.RELEASE]
	at com.alibaba.cloud.nacos.parser.NacosDataYamlParser.doParse(NacosDataYamlParser.java:37) ~[spring-cloud-alibaba-nacos-config-2.0.1.RELEASE.jar:2.0.1.RELEASE]
	at com.alibaba.cloud.nacos.parser.AbstractNacosDataParser.parseNacosData(AbstractNacosDataParser.java:75) ~[spring-cloud-alibaba-nacos-config-2.0.1.RELEASE.jar:2.0.1.RELEASE]
	at com.alibaba.cloud.nacos.parser.AbstractNacosDataParser.parseNacosData(AbstractNacosDataParser.java:80) ~[spring-cloud-alibaba-nacos-config-2.0.1.RELEASE.jar:2.0.1.RELEASE]
	at com.alibaba.cloud.nacos.parser.NacosDataParserHandler.parseNacosData(NacosDataParserHandler.java:44) ~[spring-cloud-alibaba-nacos-config-2.0.1.RELEASE.jar:2.0.1.RELEASE]
	at com.alibaba.cloud.nacos.client.NacosPropertySourceBuilder.loadNacosData(NacosPropertySourceBuilder.java:96) [spring-cloud-alibaba-nacos-config-2.0.1.RELEASE.jar:2.0.1.RELEASE]
	at com.alibaba.cloud.nacos.client.NacosPropertySourceBuilder.build(NacosPropertySourceBuilder.java:74) [spring-cloud-alibaba-nacos-config-2.0.1.RELEASE.jar:2.0.1.RELEASE]
	at com.alibaba.cloud.nacos.client.NacosPropertySourceLocator.loadNacosPropertySource(NacosPropertySourceLocator.java:194) [spring-cloud-alibaba-nacos-config-2.0.1.RELEASE.jar:2.0.1.RELEASE]
	at com.alibaba.cloud.nacos.client.NacosPropertySourceLocator.loadNacosDataIfPresent(NacosPropertySourceLocator.java:182) [spring-cloud-alibaba-nacos-config-2.0.1.RELEASE.jar:2.0.1.RELEASE]
	at com.alibaba.cloud.nacos.client.NacosPropertySourceLocator.loadApplicationConfiguration(NacosPropertySourceLocator.java:160) [spring-cloud-alibaba-nacos-config-2.0.1.RELEASE.jar:2.0.1.RELEASE]
	at com.alibaba.cloud.nacos.client.NacosPropertySourceLocator.locate(NacosPropertySourceLocator.java:92) [spring-cloud-alibaba-nacos-config-2.0.1.RELEASE.jar:2.0.1.RELEASE]
	at org.springframework.cloud.bootstrap.config.PropertySourceBootstrapConfiguration.initialize(PropertySourceBootstrapConfiguration.java:94) [spring-cloud-context-2.0.1.RELEASE.jar:2.0.1.RELEASE]
	at org.springframework.boot.SpringApplication.applyInitializers(SpringApplication.java:636) [spring-boot-2.0.4.RELEASE.jar:2.0.4.RELEASE]
	at org.springframework.boot.SpringApplication.prepareContext(SpringApplication.java:376) [spring-boot-2.0.4.RELEASE.jar:2.0.4.RELEASE]
	at org.springframework.boot.SpringApplication.run(SpringApplication.java:328) [spring-boot-2.0.4.RELEASE.jar:2.0.4.RELEASE]
	at org.springframework.boot.SpringApplication.run(SpringApplication.java:1258) [spring-boot-2.0.4.RELEASE.jar:2.0.4.RELEASE]
	at org.springframework.boot.SpringApplication.run(SpringApplication.java:1246) [spring-boot-2.0.4.RELEASE.jar:2.0.4.RELEASE]
	at com.xdf.zl.order.OrderApplication.main(OrderApplication.java:20) [classes/:?]
11:54:15.533 [main] ERROR com.alibaba.cloud.nacos.client.NacosPropertySourceBuilder - parse data from Nacos error,dataId:order,data:current:
    env: public-defalut-group
ur:
    name: zl
ur:
    age: 29,
java.lang.IllegalStateException: duplicate key: ur
	at org.yaml.snakeyaml.constructor.SafeConstructor.processDuplicateKeys(SafeConstructor.java:99) ~[snakeyaml-1.19.jar:?]
	at org.yaml.snakeyaml.constructor.SafeConstructor.flattenMapping(SafeConstructor.java:70) ~[snakeyaml-1.19.jar:?]
	at org.yaml.snakeyaml.constructor.SafeConstructor.constructMapping2ndStep(SafeConstructor.java:182) ~[snakeyaml-1.19.jar:?]
	at org.yaml.snakeyaml.constructor.BaseConstructor.constructMapping(BaseConstructor.java:443) ~[snakeyaml-1.19.jar:?]
	at org.yaml.snakeyaml.constructor.SafeConstructor$ConstructYamlMap.construct(SafeConstructor.java:519) ~[snakeyaml-1.19.jar:?]
	at org.yaml.snakeyaml.constructor.BaseConstructor.constructObjectNoCheck(BaseConstructor.java:207) ~[snakeyaml-1.19.jar:?]
	at org.yaml.snakeyaml.constructor.BaseConstructor.constructObject(BaseConstructor.java:196) ~[snakeyaml-1.19.jar:?]
	at org.yaml.snakeyaml.constructor.BaseConstructor.constructDocument(BaseConstructor.java:161) ~[snakeyaml-1.19.jar:?]
	at org.yaml.snakeyaml.constructor.BaseConstructor.getData(BaseConstructor.java:127) ~[snakeyaml-1.19.jar:?]
	at org.yaml.snakeyaml.Yaml$1.next(Yaml.java:547) ~[snakeyaml-1.19.jar:?]
	at org.springframework.beans.factory.config.YamlProcessor.process(YamlProcessor.java:166) ~[spring-beans-5.0.8.RELEASE.jar:5.0.8.RELEASE]
	at org.springframework.beans.factory.config.YamlProcessor.process(YamlProcessor.java:139) ~[spring-beans-5.0.8.RELEASE.jar:5.0.8.RELEASE]
	at org.springframework.beans.factory.config.YamlPropertiesFactoryBean.createProperties(YamlPropertiesFactoryBean.java:135) ~[spring-beans-5.0.8.RELEASE.jar:5.0.8.RELEASE]
	at org.springframework.beans.factory.config.YamlPropertiesFactoryBean.getObject(YamlPropertiesFactoryBean.java:115) ~[spring-beans-5.0.8.RELEASE.jar:5.0.8.RELEASE]
	at com.alibaba.cloud.nacos.parser.NacosDataYamlParser.doParse(NacosDataYamlParser.java:37) ~[spring-cloud-alibaba-nacos-config-2.0.1.RELEASE.jar:2.0.1.RELEASE]
	at com.alibaba.cloud.nacos.parser.AbstractNacosDataParser.parseNacosData(AbstractNacosDataParser.java:75) ~[spring-cloud-alibaba-nacos-config-2.0.1.RELEASE.jar:2.0.1.RELEASE]
	at com.alibaba.cloud.nacos.parser.AbstractNacosDataParser.parseNacosData(AbstractNacosDataParser.java:80) ~[spring-cloud-alibaba-nacos-config-2.0.1.RELEASE.jar:2.0.1.RELEASE]
	at com.alibaba.cloud.nacos.parser.NacosDataParserHandler.parseNacosData(NacosDataParserHandler.java:44) ~[spring-cloud-alibaba-nacos-config-2.0.1.RELEASE.jar:2.0.1.RELEASE]
	at com.alibaba.cloud.nacos.client.NacosPropertySourceBuilder.loadNacosData(NacosPropertySourceBuilder.java:96) [spring-cloud-alibaba-nacos-config-2.0.1.RELEASE.jar:2.0.1.RELEASE]
	at com.alibaba.cloud.nacos.client.NacosPropertySourceBuilder.build(NacosPropertySourceBuilder.java:74) [spring-cloud-alibaba-nacos-config-2.0.1.RELEASE.jar:2.0.1.RELEASE]
	at com.alibaba.cloud.nacos.client.NacosPropertySourceLocator.loadNacosPropertySource(NacosPropertySourceLocator.java:194) [spring-cloud-alibaba-nacos-config-2.0.1.RELEASE.jar:2.0.1.RELEASE]
	at com.alibaba.cloud.nacos.client.NacosPropertySourceLocator.loadNacosDataIfPresent(NacosPropertySourceLocator.java:182) [spring-cloud-alibaba-nacos-config-2.0.1.RELEASE.jar:2.0.1.RELEASE]
	at com.alibaba.cloud.nacos.client.NacosPropertySourceLocator.loadApplicationConfiguration(NacosPropertySourceLocator.java:160) [spring-cloud-alibaba-nacos-config-2.0.1.RELEASE.jar:2.0.1.RELEASE]
	at com.alibaba.cloud.nacos.client.NacosPropertySourceLocator.locate(NacosPropertySourceLocator.java:92) [spring-cloud-alibaba-nacos-config-2.0.1.RELEASE.jar:2.0.1.RELEASE]
	at org.springframework.cloud.bootstrap.config.PropertySourceBootstrapConfiguration.initialize(PropertySourceBootstrapConfiguration.java:94) [spring-cloud-context-2.0.1.RELEASE.jar:2.0.1.RELEASE]
	at org.springframework.boot.SpringApplication.applyInitializers(SpringApplication.java:636) [spring-boot-2.0.4.RELEASE.jar:2.0.4.RELEASE]
	at org.springframework.boot.SpringApplication.prepareContext(SpringApplication.java:376) [spring-boot-2.0.4.RELEASE.jar:2.0.4.RELEASE]
	at org.springframework.boot.SpringApplication.run(SpringApplication.java:328) [spring-boot-2.0.4.RELEASE.jar:2.0.4.RELEASE]
	at org.springframework.boot.SpringApplication.run(SpringApplication.java:1258) [spring-boot-2.0.4.RELEASE.jar:2.0.4.RELEASE]
	at org.springframework.boot.SpringApplication.run(SpringApplication.java:1246) [spring-boot-2.0.4.RELEASE.jar:2.0.4.RELEASE]
	at com.xdf.zl.order.OrderApplication.main(OrderApplication.java:20) [classes/:?]
